[ 2024-10-28 11:41:27,356 ] 1038 httpx - INFO - HTTP Request: GET https://dagshub.com/api/v1/user "HTTP/1.1 200 OK"
[ 2024-10-28 11:41:27,365 ] 107 dagshub - INFO - Accessing as anshusmartml
[ 2024-10-28 11:41:27,795 ] 1038 httpx - INFO - HTTP Request: GET https://dagshub.com/api/v1/repos/anshusmartml/networksecurity "HTTP/1.1 200 OK"
[ 2024-10-28 11:41:27,799 ] 107 dagshub - INFO - Initialized MLflow to track repo "anshusmartml/networksecurity"
[ 2024-10-28 11:41:27,801 ] 107 dagshub - INFO - Repository anshusmartml/networksecurity initialized!
[ 2024-10-28 11:42:18,404 ] 42 root - INFO - Start data Ingestion
[ 2024-10-28 11:42:21,162 ] 65 root - INFO - Performed train test split on the dataframe
[ 2024-10-28 11:42:21,162 ] 67 root - INFO - Exited split_data_as_train_test method of Data_Ingestion class
[ 2024-10-28 11:42:21,162 ] 75 root - INFO - Exporting train and test file path.
[ 2024-10-28 11:42:21,269 ] 84 root - INFO - Exported train and test file path.
[ 2024-10-28 11:42:21,269 ] 45 root - INFO - Data Ingestion completed and artifact: DataIngestionArtifact(trained_file_path='Artifacts\\10_28_2024_11_41_24\\data_ingestion\\ingested\\train.csv', test_file_path='Artifacts\\10_28_2024_11_41_24\\data_ingestion\\ingested\\test.csv')
[ 2024-10-28 11:42:21,292 ] 55 root - INFO - Initiate the data Validation
[ 2024-10-28 11:42:21,363 ] 32 root - INFO - Required number of columns:2
[ 2024-10-28 11:42:21,363 ] 33 root - INFO - Data frame has columns:31
[ 2024-10-28 11:42:21,363 ] 32 root - INFO - Required number of columns:2
[ 2024-10-28 11:42:21,363 ] 33 root - INFO - Data frame has columns:31
[ 2024-10-28 11:42:21,602 ] 63 root - INFO - Entered initiate_data_transformation method of DataTransformation class
[ 2024-10-28 11:42:21,602 ] 65 root - INFO - Starting data transformation
[ 2024-10-28 11:42:21,634 ] 48 root - INFO - Entered get_data_trnasformer_object method of Trnasformation class
[ 2024-10-28 11:42:21,634 ] 53 root - INFO - Initialise KNNImputer with {'missing_values': nan, 'n_neighbors': 3, 'weights': 'uniform'}
[ 2024-10-28 11:42:21,653 ] 46 root - INFO - Entered the save_object method of MainUtils class
[ 2024-10-28 11:42:21,661 ] 50 root - INFO - Exited the save_object method of MainUtils class
[ 2024-10-28 11:42:21,661 ] 46 root - INFO - Entered the save_object method of MainUtils class
[ 2024-10-28 11:42:21,663 ] 50 root - INFO - Exited the save_object method of MainUtils class
