[ 2024-10-28 14:13:12,068 ] 1038 httpx - INFO - HTTP Request: GET https://dagshub.com/api/v1/user "HTTP/1.1 200 OK"
[ 2024-10-28 14:13:12,084 ] 107 dagshub - INFO - Accessing as anshusmartml
[ 2024-10-28 14:13:12,538 ] 1038 httpx - INFO - HTTP Request: GET https://dagshub.com/api/v1/repos/anshusmartml/networksecurity "HTTP/1.1 200 OK"
[ 2024-10-28 14:13:12,554 ] 107 dagshub - INFO - Initialized MLflow to track repo "anshusmartml/networksecurity"
[ 2024-10-28 14:13:12,554 ] 107 dagshub - INFO - Repository anshusmartml/networksecurity initialized!
[ 2024-10-28 14:13:12,554 ] 20 root - INFO - Initiate the data ingestion
[ 2024-10-28 14:13:15,310 ] 65 root - INFO - Performed train test split on the dataframe
[ 2024-10-28 14:13:15,310 ] 67 root - INFO - Exited split_data_as_train_test method of Data_Ingestion class
[ 2024-10-28 14:13:15,310 ] 75 root - INFO - Exporting train and test file path.
[ 2024-10-28 14:13:15,368 ] 84 root - INFO - Exported train and test file path.
[ 2024-10-28 14:13:15,368 ] 22 root - INFO - Data Initiation Completed
[ 2024-10-28 14:13:15,396 ] 26 root - INFO - Initiate the data Validation
[ 2024-10-28 14:13:15,436 ] 32 root - INFO - Required number of columns:2
[ 2024-10-28 14:13:15,436 ] 33 root - INFO - Data frame has columns:31
[ 2024-10-28 14:13:15,436 ] 32 root - INFO - Required number of columns:2
[ 2024-10-28 14:13:15,436 ] 33 root - INFO - Data frame has columns:31
[ 2024-10-28 14:13:15,568 ] 28 root - INFO - data Validation Completed
[ 2024-10-28 14:13:15,568 ] 31 root - INFO - data Transformation started
[ 2024-10-28 14:13:15,568 ] 63 root - INFO - Entered initiate_data_transformation method of DataTransformation class
[ 2024-10-28 14:13:15,568 ] 65 root - INFO - Starting data transformation
[ 2024-10-28 14:13:15,595 ] 48 root - INFO - Entered get_data_trnasformer_object method of Trnasformation class
[ 2024-10-28 14:13:15,595 ] 53 root - INFO - Initialise KNNImputer with {'missing_values': nan, 'n_neighbors': 3, 'weights': 'uniform'}
[ 2024-10-28 14:13:15,602 ] 46 root - INFO - Entered the save_object method of MainUtils class
[ 2024-10-28 14:13:15,602 ] 50 root - INFO - Exited the save_object method of MainUtils class
[ 2024-10-28 14:13:15,618 ] 46 root - INFO - Entered the save_object method of MainUtils class
[ 2024-10-28 14:13:15,621 ] 50 root - INFO - Exited the save_object method of MainUtils class
[ 2024-10-28 14:13:15,624 ] 35 root - INFO - data Transformation completed
[ 2024-10-28 14:13:15,624 ] 37 root - INFO - Model Training sstared
