[ 2024-10-28 11:49:52,134 ] 1038 httpx - INFO - HTTP Request: GET https://dagshub.com/api/v1/user "HTTP/1.1 200 OK"
[ 2024-10-28 11:49:52,134 ] 107 dagshub - INFO - Accessing as anshusmartml
[ 2024-10-28 11:49:52,585 ] 1038 httpx - INFO - HTTP Request: GET https://dagshub.com/api/v1/repos/anshusmartml/networksecurity "HTTP/1.1 200 OK"
[ 2024-10-28 11:49:52,589 ] 107 dagshub - INFO - Initialized MLflow to track repo "anshusmartml/networksecurity"
[ 2024-10-28 11:49:52,591 ] 107 dagshub - INFO - Repository anshusmartml/networksecurity initialized!
[ 2024-10-28 11:53:48,519 ] 42 root - INFO - Start data Ingestion
[ 2024-10-28 11:53:51,075 ] 65 root - INFO - Performed train test split on the dataframe
[ 2024-10-28 11:53:51,075 ] 67 root - INFO - Exited split_data_as_train_test method of Data_Ingestion class
[ 2024-10-28 11:53:51,077 ] 75 root - INFO - Exporting train and test file path.
[ 2024-10-28 11:53:51,211 ] 84 root - INFO - Exported train and test file path.
[ 2024-10-28 11:53:51,211 ] 45 root - INFO - Data Ingestion completed and artifact: DataIngestionArtifact(trained_file_path='Artifacts\\10_28_2024_11_49_49\\data_ingestion\\ingested\\train.csv', test_file_path='Artifacts\\10_28_2024_11_49_49\\data_ingestion\\ingested\\test.csv')
[ 2024-10-28 11:53:51,227 ] 55 root - INFO - Initiate the data Validation
[ 2024-10-28 11:53:51,306 ] 32 root - INFO - Required number of columns:2
[ 2024-10-28 11:53:51,306 ] 33 root - INFO - Data frame has columns:31
[ 2024-10-28 11:53:51,306 ] 32 root - INFO - Required number of columns:2
[ 2024-10-28 11:53:51,306 ] 33 root - INFO - Data frame has columns:31
[ 2024-10-28 11:53:51,508 ] 63 root - INFO - Entered initiate_data_transformation method of DataTransformation class
[ 2024-10-28 11:53:51,509 ] 65 root - INFO - Starting data transformation
[ 2024-10-28 11:53:51,570 ] 48 root - INFO - Entered get_data_trnasformer_object method of Trnasformation class
[ 2024-10-28 11:53:51,571 ] 53 root - INFO - Initialise KNNImputer with {'missing_values': nan, 'n_neighbors': 3, 'weights': 'uniform'}
[ 2024-10-28 11:53:51,600 ] 46 root - INFO - Entered the save_object method of MainUtils class
[ 2024-10-28 11:53:51,605 ] 50 root - INFO - Exited the save_object method of MainUtils class
[ 2024-10-28 11:53:51,605 ] 46 root - INFO - Entered the save_object method of MainUtils class
[ 2024-10-28 11:53:51,609 ] 50 root - INFO - Exited the save_object method of MainUtils class
